<?xml version="1.0" encoding="UTF-8"?>
<!-- Generated by org.testng.reporters.JUnitReportReporter -->
<testsuite name="com.google.pages.GoogleSearchTC2" tests="1" time="15.945" ignored="0" failures="0" timestamp="10 Apr 2020 05:08:55 GMT" skipped="0" hostname="IN-5CG0031HST" errors="0">
  <testcase name="TC01" time="15.945" classname="com.google.pages.GoogleSearchTC2"/>
</testsuite> <!-- com.google.pages.GoogleSearchTC2 -->
